2020-12-22 22:19:04: Parsing config.cfg
2020-12-22 22:19:04: Starting Xseam Testing on port 8888
2020-12-22 22:19:04: Server thread is alive
2020-12-22 22:19:04: Master list events count: 10
2020-12-22 22:19:04: Utilis: script loaded: rcon
2020-12-22 22:19:04: Utilis: script loaded: playerSpawn
2020-12-22 22:19:04: Utilis: script loaded: carSpawning
2020-12-22 22:19:04: Utilis: script loaded: weapons
2020-12-22 22:19:04: Utilis: script loaded: skins
2020-12-22 22:19:04: Utilis: script loaded: TeamSpeak
2020-12-22 22:19:04: Utilis: script loaded: npc/npcRecorder
2020-12-22 22:19:04: Utilis: script loaded: npc/npcLoader
2020-12-22 22:19:04: Utilis: script loaded: entities
2020-12-22 22:19:04: MasterList connection is good
2020-12-22 22:22:07: Lib: Client connected with id : 1, check id : 1 , ip: 93.228.34.119
2020-12-22 22:22:07: Player Xseam(1) credentials arrived
2020-12-22 22:24:04: Lib: Client disconnected with id: 1
2020-12-22 22:26:27: Lib: Client connected with id : 1, check id : 1 , ip: 93.228.34.119
2020-12-22 22:26:27: Player Xseam(1) credentials arrived
2020-12-22 22:26:53: Lib: Client disconnected with id: 1
2020-12-22 22:27:36: Lib: Client connected with id : 1, check id : 1 , ip: 79.112.17.147
2020-12-22 22:27:36: Player Vittorio(1) credentials arrived
